<?xml version="1.0" encoding="UTF-8"?>
<testng-results skipped="0" failed="0" ignored="0" total="5" passed="5">
  <reporter-output>
  </reporter-output>
  <suite name="Suite" duration-ms="267639" started-at="2019-03-04T14:27:12Z" finished-at="2019-03-04T14:31:40Z">
    <groups>
    </groups>
    <test name="Test" duration-ms="267639" started-at="2019-03-04T14:27:12Z" finished-at="2019-03-04T14:31:40Z">
      <class name="script.CerateNewGroupTC_03">
        <test-method status="PASS" signature="preConfig()[pri:0, instance:script.CerateNewGroupTC_03@25af5db5]" name="preConfig" is-config="true" duration-ms="19527" started-at="2019-03-04T14:29:05Z" finished-at="2019-03-04T14:29:25Z">
          <reporter-output>
          </reporter-output>
        </test-method> <!-- preConfig -->
        <test-method status="PASS" signature="testCerateNewGroupTC_03()[pri:0, instance:script.CerateNewGroupTC_03@25af5db5]" name="testCerateNewGroupTC_03" duration-ms="17149" started-at="2019-03-04T14:29:25Z" finished-at="2019-03-04T14:29:42Z">
          <reporter-output>
          </reporter-output>
        </test-method> <!-- testCerateNewGroupTC_03 -->
        <test-method status="PASS" signature="postConfig()[pri:0, instance:script.CerateNewGroupTC_03@25af5db5]" name="postConfig" is-config="true" duration-ms="4309" started-at="2019-03-04T14:29:42Z" finished-at="2019-03-04T14:29:46Z">
          <reporter-output>
          </reporter-output>
        </test-method> <!-- postConfig -->
      </class> <!-- script.CerateNewGroupTC_03 -->
      <class name="script.LoginLogoutTC_01">
        <test-method status="PASS" signature="preConfig()[pri:0, instance:script.LoginLogoutTC_01@59906517]" name="preConfig" is-config="true" duration-ms="54158" started-at="2019-03-04T14:27:12Z" finished-at="2019-03-04T14:28:06Z">
          <reporter-output>
          </reporter-output>
        </test-method> <!-- preConfig -->
        <test-method status="PASS" signature="testLoginLogout()[pri:0, instance:script.LoginLogoutTC_01@59906517]" name="testLoginLogout" duration-ms="12179" started-at="2019-03-04T14:28:06Z" finished-at="2019-03-04T14:28:18Z">
          <reporter-output>
          </reporter-output>
        </test-method> <!-- testLoginLogout -->
        <test-method status="PASS" signature="postConfig()[pri:0, instance:script.LoginLogoutTC_01@59906517]" name="postConfig" is-config="true" duration-ms="4835" started-at="2019-03-04T14:28:18Z" finished-at="2019-03-04T14:28:23Z">
          <reporter-output>
          </reporter-output>
        </test-method> <!-- postConfig -->
      </class> <!-- script.LoginLogoutTC_01 -->
      <class name="script.CreateNewUserTC_02">
        <test-method status="PASS" signature="preConfig()[pri:0, instance:script.CreateNewUserTC_02@5bfbf16f]" name="preConfig" is-config="true" duration-ms="20902" started-at="2019-03-04T14:28:23Z" finished-at="2019-03-04T14:28:44Z">
          <reporter-output>
          </reporter-output>
        </test-method> <!-- preConfig -->
        <test-method status="PASS" signature="testCreateNewUserTC_02()[pri:0, instance:script.CreateNewUserTC_02@5bfbf16f]" name="testCreateNewUserTC_02" duration-ms="17543" started-at="2019-03-04T14:28:44Z" finished-at="2019-03-04T14:29:02Z">
          <reporter-output>
          </reporter-output>
        </test-method> <!-- testCreateNewUserTC_02 -->
        <test-method status="PASS" signature="postConfig()[pri:0, instance:script.CreateNewUserTC_02@5bfbf16f]" name="postConfig" is-config="true" duration-ms="3408" started-at="2019-03-04T14:29:02Z" finished-at="2019-03-04T14:29:05Z">
          <reporter-output>
          </reporter-output>
        </test-method> <!-- postConfig -->
      </class> <!-- script.CreateNewUserTC_02 -->
      <class name="script.AddUserToGroupTC_04">
        <test-method status="PASS" signature="preConfig()[pri:0, instance:script.AddUserToGroupTC_04@12cdcf4]" name="preConfig" is-config="true" duration-ms="18032" started-at="2019-03-04T14:29:46Z" finished-at="2019-03-04T14:30:04Z">
          <reporter-output>
          </reporter-output>
        </test-method> <!-- preConfig -->
        <test-method status="PASS" signature="testAddUserToGroupTC_04()[pri:0, instance:script.AddUserToGroupTC_04@12cdcf4]" name="testAddUserToGroupTC_04" duration-ms="18950" started-at="2019-03-04T14:30:04Z" finished-at="2019-03-04T14:30:23Z">
          <reporter-output>
          </reporter-output>
        </test-method> <!-- testAddUserToGroupTC_04 -->
        <test-method status="PASS" signature="postConfig()[pri:0, instance:script.AddUserToGroupTC_04@12cdcf4]" name="postConfig" is-config="true" duration-ms="5574" started-at="2019-03-04T14:30:23Z" finished-at="2019-03-04T14:30:29Z">
          <reporter-output>
          </reporter-output>
        </test-method> <!-- postConfig -->
      </class> <!-- script.AddUserToGroupTC_04 -->
      <class name="script.AddPermissionsToGroupTC_05">
        <test-method status="PASS" signature="preConfig()[pri:0, instance:script.AddPermissionsToGroupTC_05@5bcea91b]" name="preConfig" is-config="true" duration-ms="15302" started-at="2019-03-04T14:30:29Z" finished-at="2019-03-04T14:30:44Z">
          <reporter-output>
          </reporter-output>
        </test-method> <!-- preConfig -->
        <test-method status="PASS" signature="testAddPermissionsToGroupTC_05()[pri:0, instance:script.AddPermissionsToGroupTC_05@5bcea91b]" name="testAddPermissionsToGroupTC_05" duration-ms="52239" started-at="2019-03-04T14:30:44Z" finished-at="2019-03-04T14:31:36Z">
          <reporter-output>
          </reporter-output>
        </test-method> <!-- testAddPermissionsToGroupTC_05 -->
        <test-method status="PASS" signature="postConfig()[pri:0, instance:script.AddPermissionsToGroupTC_05@5bcea91b]" name="postConfig" is-config="true" duration-ms="3379" started-at="2019-03-04T14:31:36Z" finished-at="2019-03-04T14:31:40Z">
          <reporter-output>
          </reporter-output>
        </test-method> <!-- postConfig -->
      </class> <!-- script.AddPermissionsToGroupTC_05 -->
    </test> <!-- Test -->
  </suite> <!-- Suite -->
</testng-results>
