<?xml version="1.0" encoding="UTF-8"?>
<!-- Generated by org.testng.reporters.JUnitXMLReporter -->
<testsuite hostname="User-PC" ignored="0" name="Test" tests="5" failures="0" timestamp="04 Mar 2019 14:31:40 GMT" time="267.639" errors="0">
  <testcase name="testLoginLogout" time="12.179" classname="script.LoginLogoutTC_01"/>
  <testcase name="testCreateNewUserTC_02" time="17.543" classname="script.CreateNewUserTC_02"/>
  <testcase name="testCerateNewGroupTC_03" time="17.149" classname="script.CerateNewGroupTC_03"/>
  <testcase name="testAddUserToGroupTC_04" time="18.95" classname="script.AddUserToGroupTC_04"/>
  <testcase name="testAddPermissionsToGroupTC_05" time="52.239" classname="script.AddPermissionsToGroupTC_05"/>
</testsuite> <!-- Test -->
